Build started 25.09.2015 17:14:13.
     1>Project "C:\Users\Lord\Documents\Visual Studio 2013\Projects\Master\OgLTemplate\OGLExample\OpenGlCppCode\OpenGlCppCode.vcxproj" on node 2 (Build target(s)).
     1>Link:
         C:\Program Files (x86)\Microsoft Visual Studio 12.0\VC\bin\link.exe /ERRORREPORT:PROMPT /OUT:"C:\Users\Lord\Documents\Visual Studio 2013\Projects\Master\OgLTemplate\OGLExample\Release\OpenGlCppCode.dll" /INCREMENTAL:NO /NOLOGO kernel32.lib user32.lib gdi32.lib winspool.lib comdlg32.lib advapi32.lib shell32.lib ole32.lib oleaut32.lib uuid.lib odbc32.lib odbccp32.lib /MANIFEST /MANIFESTUAC:"level='asInvoker' uiAccess='false'" /manifest:embed /DEBUG /PDB:"C:\Users\Lord\Documents\Visual Studio 2013\Projects\Master\OgLTemplate\OGLExample\Release\OpenGlCppCode.pdb" /SUBSYSTEM:WINDOWS /OPT:REF /OPT:ICF /LTCG /TLBID:1 /DYNAMICBASE /NXCOMPAT /IMPLIB:"C:\Users\Lord\Documents\Visual Studio 2013\Projects\Master\OgLTemplate\OGLExample\Release\OpenGlCppCode.lib" /MACHINE:X86 /SAFESEH /DLL Release\dllmain.obj
         Release\OpenGlCppCode.obj
         Release\stdafx.obj
            Creating library C:\Users\Lord\Documents\Visual Studio 2013\Projects\Master\OgLTemplate\OGLExample\Release\OpenGlCppCode.lib and object C:\Users\Lord\Documents\Visual Studio 2013\Projects\Master\OgLTemplate\OGLExample\Release\OpenGlCppCode.exp
     1>OpenGlCppCode.obj : error LNK2001: unresolved external symbol __imp__wglCreateContext@4
     1>OpenGlCppCode.obj : error LNK2001: unresolved external symbol __imp__wglMakeCurrent@8
     1>OpenGlCppCode.obj : error LNK2001: unresolved external symbol __imp__glViewport@16
     1>OpenGlCppCode.obj : error LNK2001: unresolved external symbol __imp__glDrawBuffer@4
     1>OpenGlCppCode.obj : error LNK2001: unresolved external symbol __imp__glMatrixMode@4
     1>OpenGlCppCode.obj : error LNK2001: unresolved external symbol __imp__glLoadIdentity@0
     1>OpenGlCppCode.obj : error LNK2001: unresolved external symbol __imp__glOrtho@48
     1>OpenGlCppCode.obj : error LNK2001: unresolved external symbol __imp__glClearColor@16
     1>OpenGlCppCode.obj : error LNK2001: unresolved external symbol __imp__glClearDepth@8
     1>OpenGlCppCode.obj : error LNK2001: unresolved external symbol __imp__glDepthFunc@4
     1>OpenGlCppCode.obj : error LNK2001: unresolved external symbol __imp__glClear@4
     1>OpenGlCppCode.obj : error LNK2001: unresolved external symbol __imp__glBegin@4
     1>OpenGlCppCode.obj : error LNK2001: unresolved external symbol __imp__glColor3f@12
     1>OpenGlCppCode.obj : error LNK2001: unresolved external symbol __imp__glVertex2d@16
     1>OpenGlCppCode.obj : error LNK2001: unresolved external symbol __imp__glEnd@0
     1>OpenGlCppCode.obj : error LNK2001: unresolved external symbol __imp__glFlush@0
     1>OpenGlCppCode.obj : error LNK2001: unresolved external symbol __imp__glFinish@0
     1>C:\Users\Lord\Documents\Visual Studio 2013\Projects\Master\OgLTemplate\OGLExample\Release\OpenGlCppCode.dll : fatal error LNK1120: 17 unresolved externals
     1>Done Building Project "C:\Users\Lord\Documents\Visual Studio 2013\Projects\Master\OgLTemplate\OGLExample\OpenGlCppCode\OpenGlCppCode.vcxproj" (Build target(s)) -- FAILED.

Build FAILED.

Time Elapsed 00:00:00.31
